<?xml version="1.0" encoding="UTF-8"?>
<testsuite name="CaesarCypherTest" tests="1" skipped="0" failures="0" errors="0" timestamp="2021-07-31T19:22:38" hostname="sirkadima-HP-Compaq-6200-Pro-SFF-PC" time="0.02">
  <properties/>
  <testcase name="caesar_Cypher_decipherText_string_char()" classname="CaesarCypherTest" time="0.02"/>
  <system-out><![CDATA[]]></system-out>
  <system-err><![CDATA[]]></system-err>
</testsuite>
